[2025-06-01 02:21:49] [INFO] Webhook verification attempt - Mode: subscribe, Token: pricebotng...
[2025-06-01 02:21:49] [INFO] Webhook verification successful
[2025-06-01 02:21:49] [INFO] Webhook verification attempt - Mode: , Token: ...
[2025-06-01 02:21:49] [ERROR] Webhook verification failed
[2025-06-01 02:21:49] [DEBUG] Received webhook data: {"entry": [{"changes": [{"value": {"messages": [{"from": "2349012345678", "id": "test_message_id", "timestamp": 1748740909, "text": {"body": "iPhone 15"}}], "contacts": [{"wa_id": "2349012345678", "profile": {"name": "Test User"}}]}}]}]}
[2025-06-01 02:21:49] [DEBUG] Received webhook data: {"entry": [{"changes": [{"value": {"messages": [{"from": "2349012345678", "id": "test_message_id", "timestamp": 1748740909, "text": {"body": "Samsung Galaxy"}}], "contacts": [{"wa_id": "2349012345678", "profile": {"name": "Test User"}}]}}]}]}
[2025-06-01 02:22:33] [INFO] Webhook verification attempt - Mode: subscribe, Token: pricebotng...
[2025-06-01 02:22:33] [INFO] Webhook verification successful
[2025-06-01 02:22:33] [INFO] Webhook verification attempt - Mode: , Token: ...
[2025-06-01 02:22:33] [ERROR] Webhook verification failed
[2025-06-01 02:22:33] [DEBUG] Received webhook data: {"entry": [{"changes": [{"value": {"messages": [{"from": "2349012345678", "id": "test_message_id", "timestamp": 1748740953, "text": {"body": "iPhone 15"}}], "contacts": [{"wa_id": "2349012345678", "profile": {"name": "Test User"}}]}}]}]}
[2025-06-01 02:22:33] [INFO] Processing message from 2349012345678 (Test User)
[2025-06-01 02:22:33] [DEBUG] Text message from 2349012345678: iPhone 15
[2025-06-01 02:22:34] [DEBUG] API Call: HTTP 401 - {"error":{"message":"Error validating access token: Session has expired on Saturday, 31-May-25 13:00:00 PDT. The current time is Saturday, 31-May-25 18:22:33 PDT.","type":"OAuthException","code":190,"
[2025-06-01 02:22:34] [INFO] Searching prices for: apple iphone 15
[2025-06-01 02:22:34] [ERROR] Failed to fetch https://www.jumia.com.ng/catalog/?q=apple+iphone+15 - HTTP: 403, Error: 
[2025-06-01 02:22:39] [ERROR] Failed to fetch https://slot.ng/search?q=apple+iphone+15 - HTTP: 404, Error: 
[2025-06-01 02:22:39] [DEBUG] API Call: HTTP 401 - {"error":{"message":"Error validating access token: Session has expired on Saturday, 31-May-25 13:00:00 PDT. The current time is Saturday, 31-May-25 18:22:39 PDT.","type":"OAuthException","code":190,"
[2025-06-01 02:22:39] [DEBUG] Received webhook data: {"entry": [{"changes": [{"value": {"messages": [{"from": "2349012345678", "id": "test_message_id", "timestamp": 1748740959, "text": {"body": "Samsung Galaxy"}}], "contacts": [{"wa_id": "2349012345678", "profile": {"name": "Test User"}}]}}]}]}
[2025-06-01 02:22:39] [INFO] Processing message from 2349012345678 (Test User)
[2025-06-01 02:22:39] [DEBUG] Text message from 2349012345678: Samsung Galaxy
[2025-06-01 02:22:39] [DEBUG] API Call: HTTP 401 - {"error":{"message":"Error validating access token: Session has expired on Saturday, 31-May-25 13:00:00 PDT. The current time is Saturday, 31-May-25 18:22:39 PDT.","type":"OAuthException","code":190,"
[2025-06-01 02:22:39] [INFO] Searching prices for: samsung
[2025-06-01 02:22:39] [ERROR] Failed to fetch https://www.jumia.com.ng/catalog/?q=samsung - HTTP: 403, Error: 
[2025-06-01 02:22:44] [ERROR] Failed to fetch https://slot.ng/search?q=samsung - HTTP: 404, Error: 
[2025-06-01 02:22:45] [DEBUG] API Call: HTTP 401 - {"error":{"message":"Error validating access token: Session has expired on Saturday, 31-May-25 13:00:00 PDT. The current time is Saturday, 31-May-25 18:22:45 PDT.","type":"OAuthException","code":190,"
[2025-06-01 02:23:10] [INFO] Webhook verification attempt - Mode: subscribe, Token: pricebotng...
[2025-06-01 02:23:10] [INFO] Webhook verification successful
[2025-06-01 02:23:10] [DEBUG] Received webhook data: {"entry": [{"changes": [{"value": {"messages": [{"from": "2349012345678", "id": "test_message_id", "timestamp": 1748740990, "text": {"body": "iPhone 15"}}], "contacts": [{"wa_id": "2349012345678", "profile": {"name": "Test User"}}]}}]}]}
[2025-06-01 02:23:10] [INFO] Processing message from 2349012345678 (Test User)
[2025-06-01 02:23:10] [DEBUG] Text message from 2349012345678: iPhone 15
[2025-06-01 02:23:10] [DEBUG] API Call: HTTP 401 - {"error":{"message":"Error validating access token: Session has expired on Saturday, 31-May-25 13:00:00 PDT. The current time is Saturday, 31-May-25 18:23:10 PDT.","type":"OAuthException","code":190,"
[2025-06-01 02:23:10] [INFO] Searching prices for: apple iphone 15
[2025-06-01 02:23:10] [INFO] Found cached results for: apple iphone 15
[2025-06-01 02:23:10] [DEBUG] API Call: HTTP 401 - {"error":{"message":"Error validating access token: Session has expired on Saturday, 31-May-25 13:00:00 PDT. The current time is Saturday, 31-May-25 18:23:10 PDT.","type":"OAuthException","code":190,"
[2025-06-01 02:23:10] [DEBUG] Received webhook data: {"entry": [{"changes": [{"value": {"messages": [{"from": "2349012345678", "id": "test_message_id", "timestamp": 1748740990, "text": {"body": "Samsung Galaxy"}}], "contacts": [{"wa_id": "2349012345678", "profile": {"name": "Test User"}}]}}]}]}
[2025-06-01 02:23:10] [INFO] Processing message from 2349012345678 (Test User)
[2025-06-01 02:23:10] [DEBUG] Text message from 2349012345678: Samsung Galaxy
[2025-06-01 02:23:10] [DEBUG] API Call: HTTP 401 - {"error":{"message":"Error validating access token: Session has expired on Saturday, 31-May-25 13:00:00 PDT. The current time is Saturday, 31-May-25 18:23:10 PDT.","type":"OAuthException","code":190,"
[2025-06-01 02:23:10] [INFO] Searching prices for: samsung
[2025-06-01 02:23:10] [INFO] Found cached results for: samsung
[2025-06-01 02:23:10] [DEBUG] API Call: HTTP 401 - {"error":{"message":"Error validating access token: Session has expired on Saturday, 31-May-25 13:00:00 PDT. The current time is Saturday, 31-May-25 18:23:10 PDT.","type":"OAuthException","code":190,"
